Mai 08, 2015 5:04:15 PM xsdvi.XsdVi main
INFORMAÇÕES: The style will be embodied
Mai 08, 2015 5:04:15 PM xsdvi.XsdVi main
INFORMAÇÕES: Parsing evtAdesao.xsd...
Mai 08, 2015 5:04:16 PM xsdvi.utils.XsdErrorHandler handleError
ADVERTÊNCIA: [xs-warning]: schema_reference.4: Failed to read schema document 'xmldsig-core-schema.xsd', because 1) could not find the document; 2) the document could not be read; 3) the root element of the document is not <xsd:schema>. (line: 3)
Mai 08, 2015 5:04:16 PM xsdvi.utils.XsdErrorHandler handleError
GRAVE: [xs-error]: src-resolve: Cannot resolve the name 'ds:Signature' to a(n) 'element declaration' component. (line: 106)
Mai 08, 2015 5:04:16 PM xsdvi.XsdVi main
INFORMAÇÕES: Processing XML Schema model...
Mai 08, 2015 5:04:16 PM xsdvi.XsdVi main
INFORMAÇÕES: Drawing SVG evtAdesao.svg...
Mai 08, 2015 5:04:16 PM xsdvi.XsdVi main
INFORMAÇÕES: Done.
Mai 08, 2015 5:04:16 PM xsdvi.XsdVi main
INFORMAÇÕES: Parsing evtAdmissao.xsd...
Mai 08, 2015 5:04:16 PM xsdvi.utils.XsdErrorHandler handleError
ADVERTÊNCIA: [xs-warning]: schema_reference.4: Failed to read schema document 'xmldsig-core-schema.xsd', because 1) could not find the document; 2) the document could not be read; 3) the root element of the document is not <xsd:schema>. (line: 3)
Mai 08, 2015 5:04:16 PM xsdvi.XsdVi main
INFORMAÇÕES: Processing XML Schema model...
Mai 08, 2015 5:04:16 PM xsdvi.XsdVi main
INFORMAÇÕES: Drawing SVG evtAdmissao.svg...
Mai 08, 2015 5:04:16 PM xsdvi.XsdVi main
INFORMAÇÕES: Done.
Mai 08, 2015 5:04:16 PM xsdvi.XsdVi main
INFORMAÇÕES: Parsing evtAdmissaoPreliminar.xsd...
Mai 08, 2015 5:04:16 PM xsdvi.utils.XsdErrorHandler handleError
ADVERTÊNCIA: [xs-warning]: schema_reference.4: Failed to read schema document 'xmldsig-core-schema.xsd', because 1) could not find the document; 2) the document could not be read; 3) the root element of the document is not <xsd:schema>. (line: 3)
Mai 08, 2015 5:04:16 PM xsdvi.XsdVi main
INFORMAÇÕES: Processing XML Schema model...
Mai 08, 2015 5:04:16 PM xsdvi.XsdVi main
INFORMAÇÕES: Drawing SVG evtAdmissaoPreliminar.svg...
Mai 08, 2015 5:04:16 PM xsdvi.XsdVi main
INFORMAÇÕES: Done.
Mai 08, 2015 5:04:16 PM xsdvi.XsdVi main
INFORMAÇÕES: Parsing evtAfastTemp.xsd...
Mai 08, 2015 5:04:16 PM xsdvi.utils.XsdErrorHandler handleError
ADVERTÊNCIA: [xs-warning]: schema_reference.4: Failed to read schema document 'xmldsig-core-schema.xsd', because 1) could not find the document; 2) the document could not be read; 3) the root element of the document is not <xsd:schema>. (line: 3)
Mai 08, 2015 5:04:16 PM xsdvi.XsdVi main
INFORMAÇÕES: Processing XML Schema model...
Mai 08, 2015 5:04:16 PM xsdvi.XsdVi main
INFORMAÇÕES: Drawing SVG evtAfastTemp.svg...
Mai 08, 2015 5:04:16 PM xsdvi.XsdVi main
INFORMAÇÕES: Done.
Mai 08, 2015 5:04:16 PM xsdvi.XsdVi main
INFORMAÇÕES: Parsing evtAltCadastral.xsd...
Mai 08, 2015 5:04:16 PM xsdvi.utils.XsdErrorHandler handleError
ADVERTÊNCIA: [xs-warning]: schema_reference.4: Failed to read schema document 'xmldsig-core-schema.xsd', because 1) could not find the document; 2) the document could not be read; 3) the root element of the document is not <xsd:schema>. (line: 3)
Mai 08, 2015 5:04:16 PM xsdvi.XsdVi main
INFORMAÇÕES: Processing XML Schema model...
Mai 08, 2015 5:04:16 PM xsdvi.XsdVi main
INFORMAÇÕES: Drawing SVG evtAltCadastral.svg...
Mai 08, 2015 5:04:16 PM xsdvi.XsdVi main
INFORMAÇÕES: Done.
Mai 08, 2015 5:04:16 PM xsdvi.XsdVi main
INFORMAÇÕES: Parsing evtAltContratual.xsd...
Mai 08, 2015 5:04:16 PM xsdvi.utils.XsdErrorHandler handleError
ADVERTÊNCIA: [xs-warning]: schema_reference.4: Failed to read schema document 'xmldsig-core-schema.xsd', because 1) could not find the document; 2) the document could not be read; 3) the root element of the document is not <xsd:schema>. (line: 3)
Mai 08, 2015 5:04:16 PM xsdvi.XsdVi main
INFORMAÇÕES: Processing XML Schema model...
Mai 08, 2015 5:04:16 PM xsdvi.XsdVi main
INFORMAÇÕES: Drawing SVG evtAltContratual.svg...
Mai 08, 2015 5:04:16 PM xsdvi.XsdVi main
INFORMAÇÕES: Done.
Mai 08, 2015 5:04:16 PM xsdvi.XsdVi main
INFORMAÇÕES: Parsing evtAquisProd.xsd...
Mai 08, 2015 5:04:16 PM xsdvi.utils.XsdErrorHandler handleError
ADVERTÊNCIA: [xs-warning]: schema_reference.4: Failed to read schema document 'xmldsig-core-schema.xsd', because 1) could not find the document; 2) the document could not be read; 3) the root element of the document is not <xsd:schema>. (line: 3)
Mai 08, 2015 5:04:16 PM xsdvi.XsdVi main
INFORMAÇÕES: Processing XML Schema model...
Mai 08, 2015 5:04:16 PM xsdvi.XsdVi main
INFORMAÇÕES: Drawing SVG evtAquisProd.svg...
Mai 08, 2015 5:04:16 PM xsdvi.XsdVi main
INFORMAÇÕES: Done.
Mai 08, 2015 5:04:16 PM xsdvi.XsdVi main
INFORMAÇÕES: Parsing evtAvPrevio.xsd...
Mai 08, 2015 5:04:16 PM xsdvi.utils.XsdErrorHandler handleError
ADVERTÊNCIA: [xs-warning]: schema_reference.4: Failed to read schema document 'xmldsig-core-schema.xsd', because 1) could not find the document; 2) the document could not be read; 3) the root element of the document is not <xsd:schema>. (line: 3)
Mai 08, 2015 5:04:16 PM xsdvi.XsdVi main
INFORMAÇÕES: Processing XML Schema model...
Mai 08, 2015 5:04:16 PM xsdvi.XsdVi main
INFORMAÇÕES: Drawing SVG evtAvPrevio.svg...
Mai 08, 2015 5:04:16 PM xsdvi.XsdVi main
INFORMAÇÕES: Done.
Mai 08, 2015 5:04:16 PM xsdvi.XsdVi main
INFORMAÇÕES: Parsing evtCAT.xsd...
Mai 08, 2015 5:04:16 PM xsdvi.utils.XsdErrorHandler handleError
ADVERTÊNCIA: [xs-warning]: schema_reference.4: Failed to read schema document 'xmldsig-core-schema.xsd', because 1) could not find the document; 2) the document could not be read; 3) the root element of the document is not <xsd:schema>. (line: 3)
Mai 08, 2015 5:04:16 PM xsdvi.XsdVi main
INFORMAÇÕES: Processing XML Schema model...
Mai 08, 2015 5:04:16 PM xsdvi.XsdVi main
INFORMAÇÕES: Drawing SVG evtCAT.svg...
Mai 08, 2015 5:04:16 PM xsdvi.XsdVi main
INFORMAÇÕES: Done.
Mai 08, 2015 5:04:16 PM xsdvi.XsdVi main
INFORMAÇÕES: Parsing evtCadInicial.xsd...
Mai 08, 2015 5:04:16 PM xsdvi.utils.XsdErrorHandler handleError
ADVERTÊNCIA: [xs-warning]: schema_reference.4: Failed to read schema document 'xmldsig-core-schema.xsd', because 1) could not find the document; 2) the document could not be read; 3) the root element of the document is not <xsd:schema>. (line: 3)
Mai 08, 2015 5:04:16 PM xsdvi.XsdVi main
INFORMAÇÕES: Processing XML Schema model...
Mai 08, 2015 5:04:16 PM xsdvi.XsdVi main
INFORMAÇÕES: Drawing SVG evtCadInicial.svg...
Mai 08, 2015 5:04:16 PM xsdvi.XsdVi main
INFORMAÇÕES: Done.
Mai 08, 2015 5:04:16 PM xsdvi.XsdVi main
INFORMAÇÕES: Parsing evtComProd.xsd...
Mai 08, 2015 5:04:16 PM xsdvi.utils.XsdErrorHandler handleError
ADVERTÊNCIA: [xs-warning]: schema_reference.4: Failed to read schema document 'xmldsig-core-schema.xsd', because 1) could not find the document; 2) the document could not be read; 3) the root element of the document is not <xsd:schema>. (line: 3)
Mai 08, 2015 5:04:16 PM xsdvi.XsdVi main
INFORMAÇÕES: Processing XML Schema model...
Mai 08, 2015 5:04:16 PM xsdvi.XsdVi main
INFORMAÇÕES: Drawing SVG evtComProd.svg...
Mai 08, 2015 5:04:16 PM xsdvi.XsdVi main
INFORMAÇÕES: Done.
Mai 08, 2015 5:04:16 PM xsdvi.XsdVi main
INFORMAÇÕES: Parsing evtContrSindPatr.xsd...
Mai 08, 2015 5:04:16 PM xsdvi.utils.XsdErrorHandler handleError
ADVERTÊNCIA: [xs-warning]: schema_reference.4: Failed to read schema document 'xmldsig-core-schema.xsd', because 1) could not find the document; 2) the document could not be read; 3) the root element of the document is not <xsd:schema>. (line: 3)
Mai 08, 2015 5:04:16 PM xsdvi.XsdVi main
INFORMAÇÕES: Processing XML Schema model...
Mai 08, 2015 5:04:16 PM xsdvi.XsdVi main
INFORMAÇÕES: Drawing SVG evtContrSindPatr.svg...
Mai 08, 2015 5:04:16 PM xsdvi.XsdVi main
INFORMAÇÕES: Done.
Mai 08, 2015 5:04:16 PM xsdvi.XsdVi main
INFORMAÇÕES: Parsing evtContratAvNP.xsd...
Mai 08, 2015 5:04:16 PM xsdvi.utils.XsdErrorHandler handleError
ADVERTÊNCIA: [xs-warning]: schema_reference.4: Failed to read schema document 'xmldsig-core-schema.xsd', because 1) could not find the document; 2) the document could not be read; 3) the root element of the document is not <xsd:schema>. (line: 3)
Mai 08, 2015 5:04:17 PM xsdvi.XsdVi main
INFORMAÇÕES: Processing XML Schema model...
Mai 08, 2015 5:04:17 PM xsdvi.XsdVi main
INFORMAÇÕES: Drawing SVG evtContratAvNP.svg...
Mai 08, 2015 5:04:17 PM xsdvi.XsdVi main
INFORMAÇÕES: Done.
Mai 08, 2015 5:04:17 PM xsdvi.XsdVi main
INFORMAÇÕES: Parsing evtDeslig.xsd...
Mai 08, 2015 5:04:17 PM xsdvi.utils.XsdErrorHandler handleError
ADVERTÊNCIA: [xs-warning]: schema_reference.4: Failed to read schema document 'xmldsig-core-schema.xsd', because 1) could not find the document; 2) the document could not be read; 3) the root element of the document is not <xsd:schema>. (line: 3)
Mai 08, 2015 5:04:17 PM xsdvi.XsdVi main
INFORMAÇÕES: Processing XML Schema model...
Mai 08, 2015 5:04:17 PM xsdvi.XsdVi main
INFORMAÇÕES: Drawing SVG evtDeslig.svg...
Mai 08, 2015 5:04:17 PM xsdvi.XsdVi main
INFORMAÇÕES: Done.
Mai 08, 2015 5:04:17 PM xsdvi.XsdVi main
INFORMAÇÕES: Parsing evtExclusao.xsd...
Mai 08, 2015 5:04:17 PM xsdvi.utils.XsdErrorHandler handleError
ADVERTÊNCIA: [xs-warning]: schema_reference.4: Failed to read schema document 'xmldsig-core-schema.xsd', because 1) could not find the document; 2) the document could not be read; 3) the root element of the document is not <xsd:schema>. (line: 3)
Mai 08, 2015 5:04:17 PM xsdvi.XsdVi main
INFORMAÇÕES: Processing XML Schema model...
Mai 08, 2015 5:04:17 PM xsdvi.XsdVi main
INFORMAÇÕES: Drawing SVG evtExclusao.svg...
Mai 08, 2015 5:04:17 PM xsdvi.XsdVi main
INFORMAÇÕES: Done.
Mai 08, 2015 5:04:17 PM xsdvi.XsdVi main
INFORMAÇÕES: Parsing evtExpRisco.xsd...
Mai 08, 2015 5:04:17 PM xsdvi.utils.XsdErrorHandler handleError
ADVERTÊNCIA: [xs-warning]: schema_reference.4: Failed to read schema document 'xmldsig-core-schema.xsd', because 1) could not find the document; 2) the document could not be read; 3) the root element of the document is not <xsd:schema>. (line: 3)
Mai 08, 2015 5:04:17 PM xsdvi.XsdVi main
INFORMAÇÕES: Processing XML Schema model...
Mai 08, 2015 5:04:17 PM xsdvi.XsdVi main
INFORMAÇÕES: Drawing SVG evtExpRisco.svg...
Mai 08, 2015 5:04:17 PM xsdvi.XsdVi main
INFORMAÇÕES: Done.
Mai 08, 2015 5:04:17 PM xsdvi.XsdVi main
INFORMAÇÕES: Parsing evtFechaEvPer.xsd...
Mai 08, 2015 5:04:17 PM xsdvi.utils.XsdErrorHandler handleError
ADVERTÊNCIA: [xs-warning]: schema_reference.4: Failed to read schema document 'xmldsig-core-schema.xsd', because 1) could not find the document; 2) the document could not be read; 3) the root element of the document is not <xsd:schema>. (line: 3)
Mai 08, 2015 5:04:17 PM xsdvi.XsdVi main
INFORMAÇÕES: Processing XML Schema model...
Mai 08, 2015 5:04:17 PM xsdvi.XsdVi main
INFORMAÇÕES: Drawing SVG evtFechaEvPer.svg...
Mai 08, 2015 5:04:17 PM xsdvi.XsdVi main
INFORMAÇÕES: Done.
Mai 08, 2015 5:04:17 PM xsdvi.XsdVi main
INFORMAÇÕES: Parsing evtInfoComplPer.xsd...
Mai 08, 2015 5:04:17 PM xsdvi.utils.XsdErrorHandler handleError
ADVERTÊNCIA: [xs-warning]: schema_reference.4: Failed to read schema document 'xmldsig-core-schema.xsd', because 1) could not find the document; 2) the document could not be read; 3) the root element of the document is not <xsd:schema>. (line: 3)
Mai 08, 2015 5:04:17 PM xsdvi.XsdVi main
INFORMAÇÕES: Processing XML Schema model...
Mai 08, 2015 5:04:17 PM xsdvi.XsdVi main
INFORMAÇÕES: Drawing SVG evtInfoComplPer.svg...
Mai 08, 2015 5:04:17 PM xsdvi.XsdVi main
INFORMAÇÕES: Done.
Mai 08, 2015 5:04:17 PM xsdvi.XsdVi main
INFORMAÇÕES: Parsing evtInfoEmpregador.xsd...
Mai 08, 2015 5:04:17 PM xsdvi.utils.XsdErrorHandler handleError
ADVERTÊNCIA: [xs-warning]: schema_reference.4: Failed to read schema document 'xmldsig-core-schema.xsd', because 1) could not find the document; 2) the document could not be read; 3) the root element of the document is not <xsd:schema>. (line: 3)
Mai 08, 2015 5:04:17 PM xsdvi.XsdVi main
INFORMAÇÕES: Processing XML Schema model...
Mai 08, 2015 5:04:17 PM xsdvi.XsdVi main
INFORMAÇÕES: Drawing SVG evtInfoEmpregador.svg...
Mai 08, 2015 5:04:17 PM xsdvi.XsdVi main
INFORMAÇÕES: Done.
Mai 08, 2015 5:04:17 PM xsdvi.XsdVi main
INFORMAÇÕES: Parsing evtInsPerApo.xsd...
Mai 08, 2015 5:04:17 PM xsdvi.utils.XsdErrorHandler handleError
ADVERTÊNCIA: [xs-warning]: schema_reference.4: Failed to read schema document 'xmldsig-core-schema.xsd', because 1) could not find the document; 2) the document could not be read; 3) the root element of the document is not <xsd:schema>. (line: 3)
Mai 08, 2015 5:04:17 PM xsdvi.XsdVi main
INFORMAÇÕES: Processing XML Schema model...
Mai 08, 2015 5:04:17 PM xsdvi.XsdVi main
INFORMAÇÕES: Drawing SVG evtInsPerApo.svg...
Mai 08, 2015 5:04:17 PM xsdvi.XsdVi main
INFORMAÇÕES: Done.
Mai 08, 2015 5:04:17 PM xsdvi.XsdVi main
INFORMAÇÕES: Parsing evtMonit.xsd...
Mai 08, 2015 5:04:17 PM xsdvi.utils.XsdErrorHandler handleError
ADVERTÊNCIA: [xs-warning]: schema_reference.4: Failed to read schema document 'xmldsig-core-schema.xsd', because 1) could not find the document; 2) the document could not be read; 3) the root element of the document is not <xsd:schema>. (line: 3)
Mai 08, 2015 5:04:17 PM xsdvi.XsdVi main
INFORMAÇÕES: Processing XML Schema model...
Mai 08, 2015 5:04:17 PM xsdvi.XsdVi main
INFORMAÇÕES: Drawing SVG evtMonit.svg...
Mai 08, 2015 5:04:17 PM xsdvi.XsdVi main
INFORMAÇÕES: Done.
Mai 08, 2015 5:04:17 PM xsdvi.XsdVi main
INFORMAÇÕES: Parsing evtPgtos.xsd...
Mai 08, 2015 5:04:17 PM xsdvi.utils.XsdErrorHandler handleError
ADVERTÊNCIA: [xs-warning]: schema_reference.4: Failed to read schema document 'xmldsig-core-schema.xsd', because 1) could not find the document; 2) the document could not be read; 3) the root element of the document is not <xsd:schema>. (line: 3)
Mai 08, 2015 5:04:17 PM xsdvi.XsdVi main
INFORMAÇÕES: Processing XML Schema model...
Mai 08, 2015 5:04:17 PM xsdvi.XsdVi main
INFORMAÇÕES: Drawing SVG evtPgtos.svg...
Mai 08, 2015 5:04:17 PM xsdvi.XsdVi main
INFORMAÇÕES: Done.
Mai 08, 2015 5:04:17 PM xsdvi.XsdVi main
INFORMAÇÕES: Parsing evtPgtosNI.xsd...
Mai 08, 2015 5:04:17 PM xsdvi.utils.XsdErrorHandler handleError
ADVERTÊNCIA: [xs-warning]: schema_reference.4: Failed to read schema document 'xmldsig-core-schema.xsd', because 1) could not find the document; 2) the document could not be read; 3) the root element of the document is not <xsd:schema>. (line: 3)
Mai 08, 2015 5:04:17 PM xsdvi.XsdVi main
INFORMAÇÕES: Processing XML Schema model...
Mai 08, 2015 5:04:17 PM xsdvi.XsdVi main
INFORMAÇÕES: Drawing SVG evtPgtosNI.svg...
Mai 08, 2015 5:04:17 PM xsdvi.XsdVi main
INFORMAÇÕES: Done.
Mai 08, 2015 5:04:17 PM xsdvi.XsdVi main
INFORMAÇÕES: Parsing evtReabreEvPer.xsd...
Mai 08, 2015 5:04:17 PM xsdvi.utils.XsdErrorHandler handleError
ADVERTÊNCIA: [xs-warning]: schema_reference.4: Failed to read schema document 'xmldsig-core-schema.xsd', because 1) could not find the document; 2) the document could not be read; 3) the root element of the document is not <xsd:schema>. (line: 3)
Mai 08, 2015 5:04:17 PM xsdvi.XsdVi main
INFORMAÇÕES: Processing XML Schema model...
Mai 08, 2015 5:04:17 PM xsdvi.XsdVi main
INFORMAÇÕES: Drawing SVG evtReabreEvPer.svg...
Mai 08, 2015 5:04:17 PM xsdvi.XsdVi main
INFORMAÇÕES: Done.
Mai 08, 2015 5:04:17 PM xsdvi.XsdVi main
INFORMAÇÕES: Parsing evtReintegr.xsd...
Mai 08, 2015 5:04:17 PM xsdvi.utils.XsdErrorHandler handleError
ADVERTÊNCIA: [xs-warning]: schema_reference.4: Failed to read schema document 'xmldsig-core-schema.xsd', because 1) could not find the document; 2) the document could not be read; 3) the root element of the document is not <xsd:schema>. (line: 3)
Mai 08, 2015 5:04:17 PM xsdvi.XsdVi main
INFORMAÇÕES: Processing XML Schema model...
Mai 08, 2015 5:04:17 PM xsdvi.XsdVi main
INFORMAÇÕES: Drawing SVG evtReintegr.svg...
Mai 08, 2015 5:04:17 PM xsdvi.XsdVi main
INFORMAÇÕES: Done.
Mai 08, 2015 5:04:17 PM xsdvi.XsdVi main
INFORMAÇÕES: Parsing evtRemun.xsd...
Mai 08, 2015 5:04:17 PM xsdvi.utils.XsdErrorHandler handleError
ADVERTÊNCIA: [xs-warning]: schema_reference.4: Failed to read schema document 'xmldsig-core-schema.xsd', because 1) could not find the document; 2) the document could not be read; 3) the root element of the document is not <xsd:schema>. (line: 3)
Mai 08, 2015 5:04:17 PM xsdvi.XsdVi main
INFORMAÇÕES: Processing XML Schema model...
Mai 08, 2015 5:04:17 PM xsdvi.XsdVi main
INFORMAÇÕES: Drawing SVG evtRemun.svg...
Mai 08, 2015 5:04:17 PM xsdvi.XsdVi main
INFORMAÇÕES: Done.
Mai 08, 2015 5:04:17 PM xsdvi.XsdVi main
INFORMAÇÕES: Parsing evtSolicTotal.xsd...
Mai 08, 2015 5:04:17 PM xsdvi.utils.XsdErrorHandler handleError
ADVERTÊNCIA: [xs-warning]: schema_reference.4: Failed to read schema document 'xmldsig-core-schema.xsd', because 1) could not find the document; 2) the document could not be read; 3) the root element of the document is not <xsd:schema>. (line: 3)
Mai 08, 2015 5:04:17 PM xsdvi.XsdVi main
INFORMAÇÕES: Processing XML Schema model...
Mai 08, 2015 5:04:17 PM xsdvi.XsdVi main
INFORMAÇÕES: Drawing SVG evtSolicTotal.svg...
Mai 08, 2015 5:04:17 PM xsdvi.XsdVi main
INFORMAÇÕES: Done.
Mai 08, 2015 5:04:17 PM xsdvi.XsdVi main
INFORMAÇÕES: Parsing evtTSVAltContratual.xsd...
Mai 08, 2015 5:04:17 PM xsdvi.utils.XsdErrorHandler handleError
ADVERTÊNCIA: [xs-warning]: schema_reference.4: Failed to read schema document 'xmldsig-core-schema.xsd', because 1) could not find the document; 2) the document could not be read; 3) the root element of the document is not <xsd:schema>. (line: 3)
Mai 08, 2015 5:04:17 PM xsdvi.XsdVi main
INFORMAÇÕES: Processing XML Schema model...
Mai 08, 2015 5:04:17 PM xsdvi.XsdVi main
INFORMAÇÕES: Drawing SVG evtTSVAltContratual.svg...
Mai 08, 2015 5:04:17 PM xsdvi.XsdVi main
INFORMAÇÕES: Done.
Mai 08, 2015 5:04:17 PM xsdvi.XsdVi main
INFORMAÇÕES: Parsing evtTSVInicio.xsd...
Mai 08, 2015 5:04:17 PM xsdvi.utils.XsdErrorHandler handleError
ADVERTÊNCIA: [xs-warning]: schema_reference.4: Failed to read schema document 'xmldsig-core-schema.xsd', because 1) could not find the document; 2) the document could not be read; 3) the root element of the document is not <xsd:schema>. (line: 3)
Mai 08, 2015 5:04:17 PM xsdvi.XsdVi main
INFORMAÇÕES: Processing XML Schema model...
Mai 08, 2015 5:04:17 PM xsdvi.XsdVi main
INFORMAÇÕES: Drawing SVG evtTSVInicio.svg...
Mai 08, 2015 5:04:17 PM xsdvi.XsdVi main
INFORMAÇÕES: Done.
Mai 08, 2015 5:04:17 PM xsdvi.XsdVi main
INFORMAÇÕES: Parsing evtTSVTermino.xsd...
Mai 08, 2015 5:04:17 PM xsdvi.utils.XsdErrorHandler handleError
ADVERTÊNCIA: [xs-warning]: schema_reference.4: Failed to read schema document 'xmldsig-core-schema.xsd', because 1) could not find the document; 2) the document could not be read; 3) the root element of the document is not <xsd:schema>. (line: 3)
Mai 08, 2015 5:04:17 PM xsdvi.XsdVi main
INFORMAÇÕES: Processing XML Schema model...
Mai 08, 2015 5:04:17 PM xsdvi.XsdVi main
INFORMAÇÕES: Drawing SVG evtTSVTermino.svg...
Mai 08, 2015 5:04:17 PM xsdvi.XsdVi main
INFORMAÇÕES: Done.
Mai 08, 2015 5:04:17 PM xsdvi.XsdVi main
INFORMAÇÕES: Parsing evtTabAmbTrabalho.xsd...
Mai 08, 2015 5:04:17 PM xsdvi.utils.XsdErrorHandler handleError
ADVERTÊNCIA: [xs-warning]: schema_reference.4: Failed to read schema document 'xmldsig-core-schema.xsd', because 1) could not find the document; 2) the document could not be read; 3) the root element of the document is not <xsd:schema>. (line: 3)
Mai 08, 2015 5:04:17 PM xsdvi.XsdVi main
INFORMAÇÕES: Processing XML Schema model...
Mai 08, 2015 5:04:17 PM xsdvi.XsdVi main
INFORMAÇÕES: Drawing SVG evtTabAmbTrabalho.svg...
Mai 08, 2015 5:04:17 PM xsdvi.XsdVi main
INFORMAÇÕES: Done.
Mai 08, 2015 5:04:17 PM xsdvi.XsdVi main
INFORMAÇÕES: Parsing evtTabCargo.xsd...
Mai 08, 2015 5:04:17 PM xsdvi.utils.XsdErrorHandler handleError
ADVERTÊNCIA: [xs-warning]: schema_reference.4: Failed to read schema document 'xmldsig-core-schema.xsd', because 1) could not find the document; 2) the document could not be read; 3) the root element of the document is not <xsd:schema>. (line: 3)
Mai 08, 2015 5:04:17 PM xsdvi.XsdVi main
INFORMAÇÕES: Processing XML Schema model...
Mai 08, 2015 5:04:17 PM xsdvi.XsdVi main
INFORMAÇÕES: Drawing SVG evtTabCargo.svg...
Mai 08, 2015 5:04:17 PM xsdvi.XsdVi main
INFORMAÇÕES: Done.
Mai 08, 2015 5:04:17 PM xsdvi.XsdVi main
INFORMAÇÕES: Parsing evtTabEstab.xsd...
Mai 08, 2015 5:04:17 PM xsdvi.utils.XsdErrorHandler handleError
ADVERTÊNCIA: [xs-warning]: schema_reference.4: Failed to read schema document 'xmldsig-core-schema.xsd', because 1) could not find the document; 2) the document could not be read; 3) the root element of the document is not <xsd:schema>. (line: 3)
Mai 08, 2015 5:04:17 PM xsdvi.XsdVi main
INFORMAÇÕES: Processing XML Schema model...
Mai 08, 2015 5:04:17 PM xsdvi.XsdVi main
INFORMAÇÕES: Drawing SVG evtTabEstab.svg...
Mai 08, 2015 5:04:17 PM xsdvi.XsdVi main
INFORMAÇÕES: Done.
Mai 08, 2015 5:04:17 PM xsdvi.XsdVi main
INFORMAÇÕES: Parsing evtTabFuncao.xsd...
Mai 08, 2015 5:04:17 PM xsdvi.utils.XsdErrorHandler handleError
ADVERTÊNCIA: [xs-warning]: schema_reference.4: Failed to read schema document 'xmldsig-core-schema.xsd', because 1) could not find the document; 2) the document could not be read; 3) the root element of the document is not <xsd:schema>. (line: 3)
Mai 08, 2015 5:04:17 PM xsdvi.XsdVi main
INFORMAÇÕES: Processing XML Schema model...
Mai 08, 2015 5:04:17 PM xsdvi.XsdVi main
INFORMAÇÕES: Drawing SVG evtTabFuncao.svg...
Mai 08, 2015 5:04:17 PM xsdvi.XsdVi main
INFORMAÇÕES: Done.
Mai 08, 2015 5:04:17 PM xsdvi.XsdVi main
INFORMAÇÕES: Parsing evtTabHorTur.xsd...
Mai 08, 2015 5:04:17 PM xsdvi.utils.XsdErrorHandler handleError
ADVERTÊNCIA: [xs-warning]: schema_reference.4: Failed to read schema document 'xmldsig-core-schema.xsd', because 1) could not find the document; 2) the document could not be read; 3) the root element of the document is not <xsd:schema>. (line: 3)
Mai 08, 2015 5:04:17 PM xsdvi.XsdVi main
INFORMAÇÕES: Processing XML Schema model...
Mai 08, 2015 5:04:17 PM xsdvi.XsdVi main
INFORMAÇÕES: Drawing SVG evtTabHorTur.svg...
Mai 08, 2015 5:04:17 PM xsdvi.XsdVi main
INFORMAÇÕES: Done.
Mai 08, 2015 5:04:17 PM xsdvi.XsdVi main
INFORMAÇÕES: Parsing evtTabLotacao.xsd...
Mai 08, 2015 5:04:17 PM xsdvi.utils.XsdErrorHandler handleError
ADVERTÊNCIA: [xs-warning]: schema_reference.4: Failed to read schema document 'xmldsig-core-schema.xsd', because 1) could not find the document; 2) the document could not be read; 3) the root element of the document is not <xsd:schema>. (line: 3)
Mai 08, 2015 5:04:17 PM xsdvi.XsdVi main
INFORMAÇÕES: Processing XML Schema model...
Mai 08, 2015 5:04:17 PM xsdvi.XsdVi main
INFORMAÇÕES: Drawing SVG evtTabLotacao.svg...
Mai 08, 2015 5:04:17 PM xsdvi.XsdVi main
INFORMAÇÕES: Done.
Mai 08, 2015 5:04:17 PM xsdvi.XsdVi main
INFORMAÇÕES: Parsing evtTabOperPort.xsd...
Mai 08, 2015 5:04:17 PM xsdvi.utils.XsdErrorHandler handleError
ADVERTÊNCIA: [xs-warning]: schema_reference.4: Failed to read schema document 'xmldsig-core-schema.xsd', because 1) could not find the document; 2) the document could not be read; 3) the root element of the document is not <xsd:schema>. (line: 3)
Mai 08, 2015 5:04:17 PM xsdvi.XsdVi main
INFORMAÇÕES: Processing XML Schema model...
Mai 08, 2015 5:04:17 PM xsdvi.XsdVi main
INFORMAÇÕES: Drawing SVG evtTabOperPort.svg...
Mai 08, 2015 5:04:17 PM xsdvi.XsdVi main
INFORMAÇÕES: Done.
Mai 08, 2015 5:04:17 PM xsdvi.XsdVi main
INFORMAÇÕES: Parsing evtTabProcesso.xsd...
Mai 08, 2015 5:04:17 PM xsdvi.utils.XsdErrorHandler handleError
ADVERTÊNCIA: [xs-warning]: schema_reference.4: Failed to read schema document 'xmldsig-core-schema.xsd', because 1) could not find the document; 2) the document could not be read; 3) the root element of the document is not <xsd:schema>. (line: 3)
Mai 08, 2015 5:04:17 PM xsdvi.XsdVi main
INFORMAÇÕES: Processing XML Schema model...
Mai 08, 2015 5:04:17 PM xsdvi.XsdVi main
INFORMAÇÕES: Drawing SVG evtTabProcesso.svg...
Mai 08, 2015 5:04:17 PM xsdvi.XsdVi main
INFORMAÇÕES: Done.
Mai 08, 2015 5:04:17 PM xsdvi.XsdVi main
INFORMAÇÕES: Parsing evtTabRubrica.xsd...
Mai 08, 2015 5:04:17 PM xsdvi.utils.XsdErrorHandler handleError
ADVERTÊNCIA: [xs-warning]: schema_reference.4: Failed to read schema document 'xmldsig-core-schema.xsd', because 1) could not find the document; 2) the document could not be read; 3) the root element of the document is not <xsd:schema>. (line: 3)
Mai 08, 2015 5:04:17 PM xsdvi.XsdVi main
INFORMAÇÕES: Processing XML Schema model...
Mai 08, 2015 5:04:17 PM xsdvi.XsdVi main
INFORMAÇÕES: Drawing SVG evtTabRubrica.svg...
Mai 08, 2015 5:04:17 PM xsdvi.XsdVi main
INFORMAÇÕES: Done.
